<?xml version="1.0" encoding="utf-8"?><testsuites name="pytest tests"><testsuite name="pytest" errors="0" failures="0" skipped="0" tests="210" time="336.222" timestamp="2026-09-08T15:47:13.227672+02:00" hostname="raspberrypi"><testcase classname="tests.test_accounting" name="test_sharpe_recomputed_from_return_series" time="4.830" /><testcase classname="tests.test_accounting" name="test_net_never_exceeds_gross_and_costs_reconcile" time="4.880" /><testcase classname="tests.test_accounting" name="test_registry_record_accounting_invariant" time="31.862" /><testcase classname="tests.test_backtest" name="test_no_same_bar_fill_leaky_signal_earns_nothing" time="0.021" /><testcase classname="tests.test_backtest" name="test_shifted_signal_cannot_create_hidden_lookahead" time="0.034" /><testcase classname="tests.test_backtest" name="test_fees_reduce_returns" time="0.036" /><testcase classname="tests.test_backtest" name="test_slippage_charged_on_turnover" time="0.022" /><testcase classname="tests.test_backtest" name="test_delay_stress_changes_result" time="0.035" /><testcase classname="tests.test_backtest" name="test_position_bounded" time="0.023" /><testcase classname="tests.test_backtest" name="test_turnover_and_trades_consistent" time="0.020" /><testcase classname="tests.test_backtest" name="test_gross_net_and_cost_drag" time="0.018" /><testcase classname="tests.test_backtest" name="test_hold_bars_reduces_turnover" time="0.028" /><testcase classname="tests.test_baseline" name="test_walk_forward_produces_expected_columns" time="4.203" /><testcase classname="tests.test_baseline" name="test_threshold_selection_uses_validation_only" time="0.052" /><testcase classname="tests.test_baseline" name="test_locked_test_blocks_recut" time="4.186" /><testcase classname="tests.test_baseline" name="test_summary_shape" time="4.271" /><testcase classname="tests.test_baseline" name="test_oos_predictions_cover_test_windows_only" time="5.335" /><testcase classname="tests.test_config" name="test_default_config_is_deterministic" time="0.001" /><testcase classname="tests.test_config" name="test_config_yaml_roundtrip" time="0.002" /><testcase classname="tests.test_config" name="test_invalid_data_mode_rejected" time="0.000" /><testcase classname="tests.test_config" name="test_target_must_be_in_assets" time="0.000" /><testcase classname="tests.test_config" name="test_csv_mode_requires_path" time="0.000" /><testcase classname="tests.test_config" name="test_negative_fees_rejected" time="0.000" /><testcase classname="tests.test_config" name="test_short_windows_rejected" time="0.000" /><testcase classname="tests.test_config" name="test_to_dict_roundtrip" time="0.001" /><testcase classname="tests.test_data_validation" name="test_valid_schema_passes" time="0.011" /><testcase classname="tests.test_data_validation" name="test_missing_column_rejected" time="0.005" /><testcase classname="tests.test_data_validation" name="test_duplicate_timestamp_symbol_rejected" time="0.021" /><testcase classname="tests.test_data_validation" name="test_unsorted_timestamps_rejected" time="0.010" /><testcase classname="tests.test_data_validation" name="test_naive_timestamps_rejected" time="0.005" /><testcase classname="tests.test_data_validation" name="test_high_low_violation_rejected" time="0.011" /><testcase classname="tests.test_data_validation" name="test_non_positive_price_rejected" time="0.010" /><testcase classname="tests.test_data_validation" name="test_missing_price_not_silently_filled" time="0.013" /><testcase classname="tests.test_data_validation" name="test_missing_data_report_counts" time="0.013" /><testcase classname="tests.test_data_validation" name="test_synthetic_loader_valid_and_deterministic" time="0.027" /><testcase classname="tests.test_data_validation" name="test_panels_are_sorted_utc" time="0.018" /><testcase classname="tests.test_data_validation" name="test_wide_panel_rejects_duplicates_and_naive" time="0.013" /><testcase classname="tests.test_delay_invariants" name="test_positions_shift_exactly_by_d[1]" time="0.028" /><testcase classname="tests.test_delay_invariants" name="test_positions_shift_exactly_by_d[2]" time="0.029" /><testcase classname="tests.test_delay_invariants" name="test_positions_shift_exactly_by_d[3]" time="0.028" /><testcase classname="tests.test_delay_invariants" name="test_realized_returns_never_realigned" time="0.041" /><testcase classname="tests.test_delay_invariants" name="test_delay_changes_only_timing_not_costs_per_turnover" time="0.041" /><testcase classname="tests.test_delay_invariants" name="test_delayed_signal_trades_older_information" time="0.018" /><testcase classname="tests.test_delay_invariants" name="test_identity_predictions_threshold_folds_across_delays" time="0.049" /><testcase classname="tests.test_features" name="test_momentum_uses_only_past" time="0.003" /><testcase classname="tests.test_features" name="test_rolling_window_boundaries" time="0.004" /><testcase classname="tests.test_features" name="test_simple_returns_no_future_information" time="0.002" /><testcase classname="tests.test_features" name="test_labels_are_forward_and_tail_nan" time="0.003" /><testcase classname="tests.test_features" name="test_feature_leakage_check_passes" time="0.150" /><testcase classname="tests.test_features" name="test_feature_leakage_check_detects_actual_leak" time="0.191" /><testcase classname="tests.test_features" name="test_registry_complete_metadata" time="0.001" /><testcase classname="tests.test_features" name="test_registry_hash_stable_and_subset_aware" time="0.001" /><testcase classname="tests.test_features" name="test_information_features_zero_when_no_events" time="0.003" /><testcase classname="tests.test_features" name="test_model_pipeline_is_fold_local_by_construction" time="0.000" /><testcase classname="tests.test_features" name="test_scaler_fitted_on_train_only" time="0.024" /><testcase classname="tests.test_features" name="test_leakage_report_covers_all_perturbation_dimensions" time="0.145" /><testcase classname="tests.test_features" name="test_leakage_information_event_perturbation" time="1.626" /><testcase classname="tests.test_integrity" name="test_weekends_are_not_missing_sessions" time="0.014" /><testcase classname="tests.test_integrity" name="test_us_holidays_are_not_missing_sessions" time="0.020" /><testcase classname="tests.test_integrity" name="test_true_missing_bar_detected" time="0.009" /><testcase classname="tests.test_integrity" name="test_weekend_bar_reported_as_closure_not_missing" time="0.011" /><testcase classname="tests.test_integrity" name="test_holiday_bar_reported_as_closure" time="0.010" /><testcase classname="tests.test_integrity" name="test_duplicate_bars_rejected" time="0.014" /><testcase classname="tests.test_integrity" name="test_timezone_normalization_preserved" time="0.013" /><testcase classname="tests.test_integrity" name="test_synthetic_loader_is_exchange_calendar_clean" time="0.021" /><testcase classname="tests.test_integrity" name="test_nyse_calendar_not_federal_calendar" time="0.006" /><testcase classname="tests.test_integrity" name="test_nyse_good_friday_is_not_missing_session" time="0.010" /><testcase classname="tests.test_integrity" name="test_nyse_new_year_saturday_not_observed_prior_friday" time="0.006" /><testcase classname="tests.test_integrity" name="test_nyse_juneteenth_starts_2022" time="0.012" /><testcase classname="tests.test_integrity" name="test_nyse_session_count_matches_real_data_extent" time="0.055" /><testcase classname="tests.test_metrics" name="test_sharpe_known_values" time="0.003" /><testcase classname="tests.test_metrics" name="test_max_drawdown_simple" time="0.002" /><testcase classname="tests.test_metrics" name="test_cagr_reasonable" time="0.002" /><testcase classname="tests.test_metrics" name="test_calmar_uses_abs_drawdown" time="0.003" /><testcase classname="tests.test_metrics" name="test_sortino_uses_downside_only" time="0.001" /><testcase classname="tests.test_metrics" name="test_hit_rate_excludes_flat" time="0.001" /><testcase classname="tests.test_metrics" name="test_tail_loss_is_mean_of_worst_tail" time="0.004" /><testcase classname="tests.test_metrics" name="test_beta_against_benchmark" time="0.007" /><testcase classname="tests.test_metrics" name="test_compute_metrics_distinguishes_gross_net" time="0.007" /><testcase classname="tests.test_metrics" name="test_compute_metrics_includes_position_stats" time="0.008" /><testcase classname="tests.test_parkinson" name="test_analytical_value_and_exact_warmup" time="0.011" /><testcase classname="tests.test_parkinson" name="test_warmup_boundary_lengths[1]" time="0.011" /><testcase classname="tests.test_parkinson" name="test_warmup_boundary_lengths[19]" time="0.013" /><testcase classname="tests.test_parkinson" name="test_warmup_boundary_lengths[20]" time="0.010" /><testcase classname="tests.test_parkinson" name="test_warmup_boundary_lengths[21]" time="0.013" /><testcase classname="tests.test_parkinson" name="test_constant_prices_and_zero_volume" time="0.011" /><testcase classname="tests.test_parkinson" name="test_volume_values_do_not_change_feature" time="0.020" /><testcase classname="tests.test_parkinson" name="test_panel_isolation_and_positional_alignment" time="0.048" /><testcase classname="tests.test_parkinson" name="test_current_bar_exclusion" time="0.022" /><testcase classname="tests.test_parkinson" name="test_future_data_invariance" time="0.029" /><testcase classname="tests.test_parkinson" name="test_index_and_input_preservation[duplicated_int]" time="0.014" /><testcase classname="tests.test_parkinson" name="test_index_and_input_preservation[nonmonotonic_named]" time="0.016" /><testcase classname="tests.test_parkinson" name="test_index_and_input_preservation[named_multi]" time="0.021" /><testcase classname="tests.test_parkinson" name="test_boundary_rejection[duplicate_column]" time="0.004" /><testcase classname="tests.test_parkinson" name="test_boundary_rejection[duplicate_symbol_timestamp]" time="0.008" /><testcase classname="tests.test_parkinson" name="test_boundary_rejection[empty_symbol]" time="0.004" /><testcase classname="tests.test_parkinson" name="test_boundary_rejection[float32_market]" time="0.004" /><testcase classname="tests.test_parkinson" name="test_boundary_rejection[high_below_low]" time="0.004" /><testcase classname="tests.test_parkinson" name="test_boundary_rejection[infinity]" time="0.005" /><testcase classname="tests.test_parkinson" name="test_boundary_rejection[integer_market]" time="0.005" /><testcase classname="tests.test_parkinson" name="test_boundary_rejection[missing_column]" time="0.004" /><testcase classname="tests.test_parkinson" name="test_boundary_rejection[naive_timestamps]" time="0.003" /><testcase classname="tests.test_parkinson" name="test_boundary_rejection[nat_timestamp]" time="0.003" /><testcase classname="tests.test_parkinson" name="test_boundary_rejection[negative_volume]" time="0.006" /><testcase classname="tests.test_parkinson" name="test_boundary_rejection[non_utc_timestamps]" time="0.004" /><testcase classname="tests.test_parkinson" name="test_boundary_rejection[nonpositive_price]" time="0.004" /><testcase classname="tests.test_parkinson" name="test_boundary_rejection[null_symbol]" time="0.004" /><testcase classname="tests.test_parkinson" name="test_boundary_rejection[numeric_symbol]" time="0.006" /><testcase classname="tests.test_parkinson" name="test_boundary_rejection[raw_nan]" time="0.005" /><testcase classname="tests.test_parkinson" name="test_boundary_rejection[reversed_chronology]" time="0.006" /><testcase classname="tests.test_parkinson" name="test_empty_input_rejected" time="0.002" /><testcase classname="tests.test_parkinson" name="test_non_dataframe_input_rejected[None]" time="0.001" /><testcase classname="tests.test_parkinson" name="test_non_dataframe_input_rejected[bad_input1]" time="0.001" /><testcase classname="tests.test_parkinson" name="test_non_dataframe_input_rejected[bad_input2]" time="0.000" /><testcase classname="tests.test_parkinson" name="test_non_dataframe_input_rejected[bad_input3]" time="0.000" /><testcase classname="tests.test_parkinson" name="test_non_dataframe_input_rejected[not a frame]" time="0.000" /><testcase classname="tests.test_parkinson" name="test_historical_context_across_fold_boundary" time="0.020" /><testcase classname="tests.test_parkinson" name="test_public_api_package_level_import" time="0.000" /><testcase classname="tests.test_parkinson" name="test_registry_has_exactly_one_new_entry_with_required_metadata" time="0.000" /><testcase classname="tests.test_parkinson" name="test_registry_hash_deterministic_for_new_feature" time="0.000" /><testcase classname="tests.test_parkinson" name="test_preexisting_registry_hashes_unchanged" time="0.001" /><testcase classname="tests.test_phase_a_invariants" name="test_position_invariant_to_current_and_future_returns" time="0.040" /><testcase classname="tests.test_phase_a_invariants" name="test_oos_warm_start_equivalence" time="0.030" /><testcase classname="tests.test_phase_a_invariants" name="test_warm_start_differs_from_cold_start_in_scale_space" time="0.032" /><testcase classname="tests.test_phase_a_invariants" name="test_drawdown_today_return_does_not_change_today_weight" time="0.027" /><testcase classname="tests.test_phase_a_invariants" name="test_discovery_candidate_hold_bars_pinned_into_oos" time="19.868" /><testcase classname="tests.test_phase_a_invariants" name="test_delay_zero_stress_equals_baseline_oos" time="8.174" /><testcase classname="tests.test_pipeline" name="test_discovery_bounded_and_validation_ranked" time="23.664" /><testcase classname="tests.test_pipeline" name="test_discovery_oos_eval_once" time="11.832" /><testcase classname="tests.test_pipeline" name="test_paper_broker_records_fills_and_prevents_duplicates" time="0.001" /><testcase classname="tests.test_pipeline" name="test_safeguards_trip_kill_switch" time="0.000" /><testcase classname="tests.test_pipeline" name="test_safeguards_stale_data" time="0.001" /><testcase classname="tests.test_pipeline" name="test_full_pipeline_end_to_end" time="22.999" /><testcase classname="tests.test_pipeline" name="test_pipeline_second_run_appends_new_record" time="46.369" /><testcase classname="tests.test_pipeline" name="test_locked_test_survives_across_pipeline_runs" time="46.081" /><testcase classname="tests.test_placebo" name="test_all_placebo_modes_run_with_same_folds" time="12.506" /><testcase classname="tests.test_placebo" name="test_placebo_does_not_touch_research_trials" time="8.735" /><testcase classname="tests.test_placebo" name="test_placebo_permute_target_passes_permuted_inputs" time="0.003" /><testcase classname="tests.test_placebo" name="test_placebo_statistics_full_report" time="0.002" /><testcase classname="tests.test_point_in_time" name="test_future_event_cannot_affect_earlier_bars" time="0.017" /><testcase classname="tests.test_point_in_time" name="test_after_close_publication_requires_next_session" time="0.016" /><testcase classname="tests.test_point_in_time" name="test_event_time_before_availability_is_valid" time="0.007" /><testcase classname="tests.test_point_in_time" name="test_availability_before_event_rejected_unless_provider_rule" time="0.015" /><testcase classname="tests.test_point_in_time" name="test_naive_timestamps_rejected_no_silent_conversion" time="0.005" /><testcase classname="tests.test_point_in_time" name="test_missing_availability_rejected_not_immediate_tradability" time="0.007" /><testcase classname="tests.test_point_in_time" name="test_publication_before_event_rejected" time="0.007" /><testcase classname="tests.test_point_in_time" name="test_duplicate_event_id_conflicting_value_rejected" time="0.012" /><testcase classname="tests.test_point_in_time" name="test_revised_values_versioned_are_accepted" time="0.012" /><testcase classname="tests.test_point_in_time" name="test_available_asof_filters_correctly" time="0.013" /><testcase classname="tests.test_point_in_time" name="test_naive_asof_timestamp_rejected" time="0.008" /><testcase classname="tests.test_point_in_time" name="test_deduplication_counts_corroboration_not_independent_evidence" time="0.022" /><testcase classname="tests.test_point_in_time" name="test_information_features_respect_availability" time="0.052" /><testcase classname="tests.test_portfolio" name="test_vol_target_weights_causal_and_bounded" time="0.003" /><testcase classname="tests.test_portfolio" name="test_position_limits_enforced" time="0.007" /><testcase classname="tests.test_portfolio" name="test_turnover_control_limits_daily_change" time="0.006" /><testcase classname="tests.test_portfolio" name="test_drawdown_control_de_risks" time="0.002" /><testcase classname="tests.test_portfolio" name="test_construct_portfolio_traceable" time="0.005" /><testcase classname="tests.test_portfolio" name="test_var_cvar_and_risk_report" time="0.023" /><testcase classname="tests.test_portfolio" name="test_concentration_hhi" time="0.003" /><testcase classname="tests.test_promotion" name="test_gates_pass_for_healthy_strategy" time="0.005" /><testcase classname="tests.test_promotion" name="test_gates_reject_weak_oos" time="0.005" /><testcase classname="tests.test_promotion" name="test_gates_reject_when_placebo_comparable_or_better" time="0.005" /><testcase classname="tests.test_promotion" name="test_gates_reject_cost_and_delay_failure" time="0.007" /><testcase classname="tests.test_promotion" name="test_gates_reject_bootstrap_uncertainty" time="0.004" /><testcase classname="tests.test_promotion" name="test_gates_reject_single_fold_domination_and_turnover" time="0.004" /><testcase classname="tests.test_promotion" name="test_gates_reject_integrity_and_lookahead_failures" time="0.005" /><testcase classname="tests.test_registry" name="test_record_appends_and_assigns_ids" time="0.003" /><testcase classname="tests.test_registry" name="test_records_are_immutable_never_overwritten" time="0.002" /><testcase classname="tests.test_registry" name="test_missing_required_fields_rejected" time="0.001" /><testcase classname="tests.test_registry" name="test_trial_counter_monotonic_and_persistent" time="0.001" /><testcase classname="tests.test_registry" name="test_trial_counter_refuses_reset" time="0.001" /><testcase classname="tests.test_registry" name="test_trial_counter_refuses_negative_increment" time="0.001" /><testcase classname="tests.test_registry" name="test_leaderboard_answers_standard_questions" time="0.004" /><testcase classname="tests.test_registry" name="test_search_classification" time="0.001" /><testcase classname="tests.test_robustness" name="test_baseline_stress_at_configured_assumptions_equals_oos" time="3.041" /><testcase classname="tests.test_robustness" name="test_cost_stress_changes_only_execution_economics" time="2.500" /><testcase classname="tests.test_robustness" name="test_delay_stress_changes_timing_not_model" time="1.294" /><testcase classname="tests.test_robustness" name="test_stress_never_reselects_on_test_data" time="0.262" /><testcase classname="tests.test_robustness" name="test_robustness_battery_covers_all_dimensions" time="6.712" /><testcase classname="tests.test_robustness" name="test_robustness_does_not_consume_research_trials" time="6.360" /><testcase classname="tests.test_selection_isolation" name="test_mutating_test_labels_does_not_change_selection" time="12.385" /><testcase classname="tests.test_selection_isolation" name="test_mutating_test_returns_does_not_change_selection" time="2.406" /><testcase classname="tests.test_selection_isolation" name="test_thresholds_come_from_validation_candidates" time="1.197" /><testcase classname="tests.test_snapshots" name="test_dataset_hash_deterministic_and_order_independent" time="0.045" /><testcase classname="tests.test_snapshots" name="test_dataset_hash_changes_with_data" time="0.029" /><testcase classname="tests.test_snapshots" name="test_snapshot_immutable" time="0.033" /><testcase classname="tests.test_snapshots" name="test_snapshot_roundtrip" time="0.056" /><testcase classname="tests.test_statistics" name="test_bootstrap_deterministic" time="0.058" /><testcase classname="tests.test_statistics" name="test_bootstrap_interval_brackets_observed" time="0.031" /><testcase classname="tests.test_statistics" name="test_bonferroni_bounds_family" time="0.000" /><testcase classname="tests.test_statistics" name="test_benjamini_hochberg_monotone_and_sorted" time="0.000" /><testcase classname="tests.test_statistics" name="test_holm_never_smaller_than_input" time="0.000" /><testcase classname="tests.test_statistics" name="test_expected_max_sharpe_grows_with_trials" time="0.001" /><testcase classname="tests.test_statistics" name="test_deflated_sharpe_significant_strategy" time="0.001" /><testcase classname="tests.test_statistics" name="test_placebo_null_deterministic" time="0.016" /><testcase classname="tests.test_statistics" name="test_placebo_statistics_percentile_and_adjusted_p" time="0.002" /><testcase classname="tests.test_statistics" name="test_placebo_rejects_invalid_mode" time="0.001" /><testcase classname="tests.test_statistics" name="test_pbo_detects_overfit_variants" time="0.004" /><testcase classname="tests.test_statistics" name="test_robustness_score_components" time="0.001" /><testcase classname="tests.test_trial_accounting" name="test_validation_candidates_increment_correct_counter" time="1.280" /><testcase classname="tests.test_trial_accounting" name="test_rerun_same_experiment_new_id_without_resetting_highwater" time="30.841" /><testcase classname="tests.test_trial_accounting" name="test_robustness_replay_does_not_increment" time="1.444" /><testcase classname="tests.test_trial_accounting" name="test_lowering_counter_fails" time="0.002" /><testcase classname="tests.test_walk_forward" name="test_basic_fold_geometry" time="0.010" /><testcase classname="tests.test_walk_forward" name="test_folds_do_not_overlap_and_are_chronological" time="0.009" /><testcase classname="tests.test_walk_forward" name="test_expanding_window_grows" time="0.009" /><testcase classname="tests.test_walk_forward" name="test_insufficient_history_rejected" time="0.009" /><testcase classname="tests.test_walk_forward" name="test_naive_index_rejected" time="0.008" /><testcase classname="tests.test_walk_forward" name="test_locked_test_freezes_layout" time="0.013" /><testcase classname="tests.test_walk_forward" name="test_locked_test_first_freeze_is_allowed" time="0.009" /></testsuite></testsuites>